{"/home/migo/Documents/Microverse/Module2/week2/To-Do-List-App/src/module/newTask.js": {"path":"/home/migo/Documents/Microverse/Module2/week2/To-Do-List-App/src/module/newTask.js","statementMap":{"0":{"start":{"line":2,"column":16},"end":{"line":2,"column":48}},"1":{"start":{"line":4,"column":18},"end":{"line":8,"column":3}},"2":{"start":{"line":10,"column":2},"end":{"line":10,"column":25}},"3":{"start":{"line":11,"column":19},"end":{"line":11,"column":47}},"4":{"start":{"line":12,"column":2},"end":{"line":12,"column":33}},"5":{"start":{"line":13,"column":2},"end":{"line":13,"column":51}},"6":{"start":{"line":15,"column":19},"end":{"line":15,"column":50}},"7":{"start":{"line":16,"column":2},"end":{"line":16,"column":44}},"8":{"start":{"line":17,"column":2},"end":{"line":17,"column":34}},"9":{"start":{"line":19,"column":19},"end":{"line":19,"column":49}},"10":{"start":{"line":20,"column":2},"end":{"line":20,"column":38}},"11":{"start":{"line":21,"column":2},"end":{"line":21,"column":36}},"12":{"start":{"line":23,"column":21},"end":{"line":23,"column":51}},"13":{"start":{"line":24,"column":2},"end":{"line":24,"column":42}},"14":{"start":{"line":26,"column":15},"end":{"line":26,"column":42}},"15":{"start":{"line":27,"column":2},"end":{"line":27,"column":48}},"16":{"start":{"line":28,"column":20},"end":{"line":28,"column":47}},"17":{"start":{"line":29,"column":2},"end":{"line":29,"column":45}},"18":{"start":{"line":30,"column":2},"end":{"line":30,"column":35}},"19":{"start":{"line":31,"column":2},"end":{"line":31,"column":37}},"20":{"start":{"line":33,"column":2},"end":{"line":33,"column":50}},"21":{"start":{"line":35,"column":13},"end":{"line":35,"column":41}},"22":{"start":{"line":36,"column":2},"end":{"line":36,"column":29}}},"fnMap":{"0":{"name":"newTask","decl":{"start":{"line":1,"column":24},"end":{"line":1,"column":31}},"loc":{"start":{"line":1,"column":48},"end":{"line":37,"column":1}},"line":1}},"branchMap":{},"s":{"0":4,"1":4,"2":4,"3":4,"4":4,"5":4,"6":4,"7":4,"8":4,"9":4,"10":4,"11":4,"12":4,"13":4,"14":4,"15":4,"16":4,"17":4,"18":4,"19":4,"20":4,"21":4,"22":4},"f":{"0":4},"b":{},"_coverageSchema":"1a1c01bbd47fc00a2c39e90264f33305004495a9","hash":"24d306de4565428912073ee909901483a22d5930"}
,"/home/migo/Documents/Microverse/Module2/week2/To-Do-List-App/src/module/removeTask.js": {"path":"/home/migo/Documents/Microverse/Module2/week2/To-Do-List-App/src/module/removeTask.js","statementMap":{"0":{"start":{"line":2,"column":19},"end":{"line":2,"column":72}},"1":{"start":{"line":3,"column":2},"end":{"line":5,"column":3}},"2":{"start":{"line":4,"column":4},"end":{"line":4,"column":22}},"3":{"start":{"line":6,"column":27},"end":{"line":6,"column":79}},"4":{"start":{"line":6,"column":54},"end":{"line":6,"column":78}},"5":{"start":{"line":7,"column":2},"end":{"line":9,"column":5}},"6":{"start":{"line":8,"column":4},"end":{"line":8,"column":27}},"7":{"start":{"line":10,"column":2},"end":{"line":10,"column":26}}},"fnMap":{"0":{"name":"removeTask","decl":{"start":{"line":1,"column":24},"end":{"line":1,"column":34}},"loc":{"start":{"line":1,"column":57},"end":{"line":11,"column":1}},"line":1},"1":{"name":"(anonymous_1)","decl":{"start":{"line":6,"column":44},"end":{"line":6,"column":45}},"loc":{"start":{"line":6,"column":54},"end":{"line":6,"column":78}},"line":6},"2":{"name":"(anonymous_2)","decl":{"start":{"line":7,"column":27},"end":{"line":7,"column":28}},"loc":{"start":{"line":7,"column":44},"end":{"line":9,"column":3}},"line":7}},"branchMap":{"0":{"loc":{"start":{"line":3,"column":2},"end":{"line":5,"column":3}},"type":"if","locations":[{"start":{"line":3,"column":2},"end":{"line":5,"column":3}},{"start":{},"end":{}}],"line":3}},"s":{"0":4,"1":4,"2":2,"3":4,"4":12,"5":4,"6":8,"7":4},"f":{"0":4,"1":12,"2":8},"b":{"0":[2,2]},"_coverageSchema":"1a1c01bbd47fc00a2c39e90264f33305004495a9","hash":"11512617bbb1abc403f1f848e734ded89a5e9d06"}
}
