{"/home/migo/Documents/Microverse/Module2/week2/To-Do-List-App/src/module/newTask.js": {"path":"/home/migo/Documents/Microverse/Module2/week2/To-Do-List-App/src/module/newTask.js","statementMap":{"0":{"start":{"line":2,"column":18},"end":{"line":6,"column":3}},"1":{"start":{"line":8,"column":2},"end":{"line":8,"column":25}}},"fnMap":{"0":{"name":"newTask","decl":{"start":{"line":1,"column":24},"end":{"line":1,"column":31}},"loc":{"start":{"line":1,"column":48},"end":{"line":9,"column":1}},"line":1}},"branchMap":{},"s":{"0":3,"1":3},"f":{"0":3},"b":{},"_coverageSchema":"1a1c01bbd47fc00a2c39e90264f33305004495a9","hash":"5d0af07805633c9feb2c8c8c394dfe48a7065303"}
,"/home/migo/Documents/Microverse/Module2/week2/To-Do-List-App/src/module/removeTask.js": {"path":"/home/migo/Documents/Microverse/Module2/week2/To-Do-List-App/src/module/removeTask.js","statementMap":{"0":{"start":{"line":2,"column":27},"end":{"line":2,"column":79}},"1":{"start":{"line":2,"column":54},"end":{"line":2,"column":78}},"2":{"start":{"line":3,"column":2},"end":{"line":5,"column":5}},"3":{"start":{"line":4,"column":4},"end":{"line":4,"column":27}},"4":{"start":{"line":6,"column":2},"end":{"line":6,"column":26}}},"fnMap":{"0":{"name":"removeTask","decl":{"start":{"line":1,"column":24},"end":{"line":1,"column":34}},"loc":{"start":{"line":1,"column":57},"end":{"line":7,"column":1}},"line":1},"1":{"name":"(anonymous_1)","decl":{"start":{"line":2,"column":44},"end":{"line":2,"column":45}},"loc":{"start":{"line":2,"column":54},"end":{"line":2,"column":78}},"line":2},"2":{"name":"(anonymous_2)","decl":{"start":{"line":3,"column":27},"end":{"line":3,"column":28}},"loc":{"start":{"line":3,"column":44},"end":{"line":5,"column":3}},"line":3}},"branchMap":{},"s":{"0":1,"1":3,"2":1,"3":2,"4":1},"f":{"0":1,"1":3,"2":2},"b":{},"_coverageSchema":"1a1c01bbd47fc00a2c39e90264f33305004495a9","hash":"4aa71e82f1747167312682b49556ce31726f6608"}
}
