TN:
SF:src/module/newTask.js
FN:1,newTask
FNF:1
FNH:1
FNDA:4,newTask
DA:2,4
DA:4,4
DA:10,4
DA:11,4
DA:12,4
DA:13,4
DA:15,4
DA:16,4
DA:17,4
DA:22,4
DA:23,4
DA:24,4
DA:26,4
DA:27,4
DA:29,4
DA:30,4
DA:31,4
DA:32,4
DA:33,4
DA:34,4
DA:58,4
DA:71,4
DA:72,4
LF:23
LH:23
BRF:0
BRH:0
end_of_record
TN:
SF:src/module/removeTask.js
FN:1,removeTask
FN:2,(anonymous_1)
FN:3,(anonymous_2)
FNF:3
FNH:3
FNDA:1,removeTask
FNDA:3,(anonymous_1)
FNDA:2,(anonymous_2)
DA:2,3
DA:3,1
DA:4,2
DA:6,1
LF:4
LH:4
BRF:0
BRH:0
end_of_record
