TN:
SF:src\module\newTask.js
FN:1,newTask
FNF:1
FNH:1
FNDA:4,newTask
DA:2,4
DA:4,4
DA:10,4
DA:11,4
DA:12,4
DA:13,4
DA:15,4
DA:16,4
DA:17,4
DA:19,4
DA:20,4
DA:21,4
DA:23,4
DA:24,4
DA:26,4
DA:27,4
DA:28,4
DA:29,4
DA:30,4
DA:31,4
DA:33,4
DA:35,4
DA:36,4
LF:23
LH:23
BRF:0
BRH:0
end_of_record
TN:
SF:src\module\removeTask.js
FN:1,removeTask
FN:6,(anonymous_1)
FN:7,(anonymous_2)
FNF:3
FNH:3
FNDA:4,removeTask
FNDA:12,(anonymous_1)
FNDA:8,(anonymous_2)
DA:2,4
DA:3,4
DA:4,2
DA:6,12
DA:7,4
DA:8,8
DA:10,4
LF:7
LH:7
BRDA:3,0,0,2
BRDA:3,0,1,2
BRF:2
BRH:2
end_of_record
